Date/Time:       2025-08-31 13:19:05 
Command line:    /home/mwenesi/billo-project/mobile/.venv/bin/briefcase build android

OS Release:      Linux 6.6.87.2-microsoft-standard-WSL2
OS Version:      #1 SMP PREEMPT_DYNAMIC Thu Jun  5 18:30:46 UTC 2025
Architecture:    x86_64
Platform:        Linux-6.6.87.2-microsoft-standard-WSL2-x86_64-with-glibc2.39

Python exe:      /home/mwenesi/billo-project/mobile/.venv/bin/python
Python version:  3.10.18 (main, Jun  4 2025, 08:56:00) [GCC 13.3.0]
Virtual env:     True
Conda env:       False

Briefcase:       0.3.25
Target platform: android
Target format:   gradle

Environment Variables:
	DBUS_SESSION_BUS_ADDRESS=unix:path=/run/user/1000/bus
	DISPLAY=:0
	HOME=/home/mwenesi
	HOSTTYPE=x86_64
	LANG=C.UTF-8
	LESSCLOSE=/usr/bin/lesspipe %s %s
	LESSOPEN=| /usr/bin/lesspipe %s
	LOGNAME=mwenesi
	LS_COLORS=rs=0:di=01;34:ln=01;36:mh=00:pi=40;33:so=01;35:do=01;35:bd=40;33;01:cd=40;33;01:or=40;31;01:mi=00:su=37;41:sg=30;43:ca=00:tw=30;42:ow=34;42:st=37;44:ex=01;32:*.tar=01;31:*.tgz=01;31:*.arc=01;31:*.arj=01;31:*.taz=01;31:*.lha=01;31:*.lz4=01;31:*.lzh=01;31:*.lzma=01;31:*.tlz=01;31:*.txz=01;31:*.tzo=01;31:*.t7z=01;31:*.zip=01;31:*.z=01;31:*.dz=01;31:*.gz=01;31:*.lrz=01;31:*.lz=01;31:*.lzo=01;31:*.xz=01;31:*.zst=01;31:*.tzst=01;31:*.bz2=01;31:*.bz=01;31:*.tbz=01;31:*.tbz2=01;31:*.tz=01;31:*.deb=01;31:*.rpm=01;31:*.jar=01;31:*.war=01;31:*.ear=01;31:*.sar=01;31:*.rar=01;31:*.alz=01;31:*.ace=01;31:*.zoo=01;31:*.cpio=01;31:*.7z=01;31:*.rz=01;31:*.cab=01;31:*.wim=01;31:*.swm=01;31:*.dwm=01;31:*.esd=01;31:*.avif=01;35:*.jpg=01;35:*.jpeg=01;35:*.mjpg=01;35:*.mjpeg=01;35:*.gif=01;35:*.bmp=01;35:*.pbm=01;35:*.pgm=01;35:*.ppm=01;35:*.tga=01;35:*.xbm=01;35:*.xpm=01;35:*.tif=01;35:*.tiff=01;35:*.png=01;35:*.svg=01;35:*.svgz=01;35:*.mng=01;35:*.pcx=01;35:*.mov=01;35:*.mpg=01;35:*.mpeg=01;35:*.m2v=01;35:*.mkv=01;35:*.webm=01;35:*.webp=01;35:*.ogm=01;35:*.mp4=01;35:*.m4v=01;35:*.mp4v=01;35:*.vob=01;35:*.qt=01;35:*.nuv=01;35:*.wmv=01;35:*.asf=01;35:*.rm=01;35:*.rmvb=01;35:*.flc=01;35:*.avi=01;35:*.fli=01;35:*.flv=01;35:*.gl=01;35:*.dl=01;35:*.xcf=01;35:*.xwd=01;35:*.yuv=01;35:*.cgm=01;35:*.emf=01;35:*.ogv=01;35:*.ogx=01;35:*.aac=00;36:*.au=00;36:*.flac=00;36:*.m4a=00;36:*.mid=00;36:*.midi=00;36:*.mka=00;36:*.mp3=00;36:*.mpc=00;36:*.ogg=00;36:*.ra=00;36:*.wav=00;36:*.oga=00;36:*.opus=00;36:*.spx=00;36:*.xspf=00;36:*~=00;90:*#=00;90:*.bak=00;90:*.crdownload=00;90:*.dpkg-dist=00;90:*.dpkg-new=00;90:*.dpkg-old=00;90:*.dpkg-tmp=00;90:*.old=00;90:*.orig=00;90:*.part=00;90:*.rej=00;90:*.rpmnew=00;90:*.rpmorig=00;90:*.rpmsave=00;90:*.swp=00;90:*.tmp=00;90:*.ucf-dist=00;90:*.ucf-new=00;90:*.ucf-old=00;90:
	NAME=MIHI-PC
	OLDPWD=/home/mwenesi/billo-project
	PATH=/home/mwenesi/billo-project/mobile/.venv/bin:/home/mwenesi/.local/bin:/home/mwenesi/.local/bin:/home/mwenesi/.local/bin:/home/mwenesi/.cargo/bin:/home/mwenesi/.local/bin:/home/mwenesi/.local/bin:/usr/local/sbin:/usr/local/bin:/usr/sbin:/usr/bin:/sbin:/bin:/usr/games:/usr/local/games:/usr/lib/wsl/lib:/mnt/c/Program Files/Eclipse Adoptium/jdk-17.0.16.8-hotspot/bin:/mnt/c/Users/mwene/AppData/Local/Programs/cursor/resources/app/bin:/mnt/c/Windows/system32:/mnt/c/Windows:/mnt/c/Windows/System32/Wbem:/mnt/c/Windows/System32/WindowsPowerShell/v1.0/:/mnt/c/Windows/System32/OpenSSH/:/mnt/c/Users/mwene/.ollama/models:/mnt/c/Users/mwene/AppData/Local/Microsoft/WindowsApps:/mnt/c/Users/mwene/AppData/Local/Programs/Windsurf/bin:/mnt/c/Users/mwene/AppData/Local/Programs/Ollama:/mnt/c/Users/mwene/AppData/Local/Programs/cursor/resources/app/bin:/mnt/c/Users/mwene/AppData/Local/Programs/Python/Python312:/mnt/c/Users/mwene/AppData/Local/Programs/Python/Python312/Scripts:/mnt/c/Users/mwene/AppData/Local/Packages/PythonSoftwareFoundation.Python.3.12_qbz5n2kfra8p0/LocalCache/local-packages/Python312/Scripts:/mnt/c/ProgramData/anaconda3/Scripts/anaconda.exe:/mnt/c/Users/mwene/espeak-ng:/mnt/c/Program Files/eSpeak NG/:/mnt/c/ProgramData/Microsoft/Windows/Start Menu/Programs/Anaconda (anaconda3)/Anaconda PowerShell Prompt.lnk:/mnt/c/Users/mwene/mingw32/bin:/mnt/c/Users/mwene/ffmpeg/bin:/mnt/c/Users/mwene/AppData/Local/nvm:/mnt/c/nvm4w/nodejs:/mnt/c/Program Files/eSpeak NG/espeak-ng.exe:/mnt/c/Program Files/rhvoice.org/RHVoice/lib/rhvoicesvr.dll:/mnt/c/ProgramData/chocolatey/bin:/mnt/c/Users/mwene/supabase_cli:/mnt/c/Program Files/Eclipse Adoptium/jdk-17.0.16.8-hotspot/bin:/mnt/c/Program Files/Eclipse Adoptium/jdk-21.0.7.6-hotspot/bin:/mnt/c/Users/mwene/Gradle/gradle/bin:/mnt/c/Users/mwene/Android/cmdline-tools/latest/bin:/mnt/c/Users/mwene/Android/platform-tools:/mnt/c/Program Files/PostgreSQL/17/bin:/mnt/c/Program Files/dotnet/:/mnt/c/Program Files/Git/cmd:/mnt/c/Users/mwene/Android/tools:/mnt/c/Users/mwene/Android/platform-tools:/mnt/c/Program Files/Docker/Docker/resources/bin:/mnt/c/Android/platform-tools:/mnt/c/Windows/system32/config/systemprofile/AppData/Local/Microsoft/WindowsApps:/mnt/c/Users/mwene/AppData/Local/pnpm:/mnt/c/Users/mwene/AppData/Local/Programs/Python/Python311/Scripts/:/mnt/c/Users/mwene/AppData/Local/Programs/Python/Python311/:/mnt/c/Users/mwene/.local/bin:/mnt/c/Users/mwene/AppData/Roaming/npm:/mnt/c/Users/mwene/AppData/Local/Programs/Microsoft VS Code/bin:/snap/bin
	POETRY_ACTIVE=1
	PS1=(.venv) \[\e]0;\u@\h: \w\a\]${debian_chroot:+($debian_chroot)}\[\033[01;32m\]\u@\h\[\033[00m\]:\[\033[01;34m\]\w\[\033[00m\]\$ 
	PULSE_SERVER=unix:/mnt/wslg/PulseServer
	PWD=/home/mwenesi/billo-project/mobile
	SHELL=/bin/bash
	SHLVL=2
	TERM=xterm-256color
	USER=mwenesi
	VIRTUAL_ENV=/home/mwenesi/billo-project/mobile/.venv
	VIRTUAL_ENV_PROMPT=(.venv) 
	WAYLAND_DISPLAY=wayland-0
	WSL2_GUI_APPS_ENABLED=1
	WSLENV=
	WSL_DISTRO_NAME=Ubuntu
	WSL_INTEROP=/run/WSL/514_interop
	XDG_DATA_DIRS=/usr/local/share:/usr/share:/var/lib/snapd/desktop
	XDG_RUNTIME_DIR=/run/user/1000/
	_=/home/mwenesi/billo-project/mobile/.venv/bin/briefcase

pyproject.toml:
[tool.poetry]
name = "billo"
version = "0.1.0"
description = "Customer Tab Management System"
authors = ["Mihi"]
license = "MIT"
readme = "README.md"
packages = [
    { include = "billo", from = "src" }
]

[tool.poetry.dependencies]
python = ">=3.10,<3.11"

# Development/runtime deps not tied to Android packaging
briefcase = {version = ">=0.3.25,<0.4.0", extras = ["android"]}

[tool.poetry.group.dev.dependencies]
briefcase = {extras = ["android"], version = "^0.3.25"}

[build-system]
requires = ["poetry-core>=2.0.0"]
build-backend = "poetry.core.masonry.api"

# -------------------------------------------------------------------
# Briefcase configuration
# -------------------------------------------------------------------
[tool.briefcase]
project_name = "Billo"
bundle = "com.billo"
version = "0.1.0"
author = "Mihi"
author_email = "conversationapps@gmail.com"
description = "Customer Tab Management System"
license = {text = "MIT"}

[tool.briefcase.app.billo]
formal_name = "Billo"
description = "Customer Tab Management System"
sources = ["src/billo"]
icon = "../shared/assets/images/logo.png"
package = "billo"

requires = [
    "toga-core==0.4.7",
    "toga-android==0.4.7",
    "rubicon-java==0.2.6",
    "travertino==0.3.0",
    "colosseum==0.2.0",

    "python-dotenv==1.0.0",
    "segno==1.5.3",   # ðŸ”„ fixed: use a version available in Chaquopy
    "aiohttp==3.9.0",
    "pydantic==1.10.15",
    "supabase==2.*",
    "httpx==0.24.*",
    "python-jose[cryptography]==3.3.0",
    "python-multipart==0.0.5",
]

[tool.briefcase.app.billo.android]
permissions = [
    "INTERNET",
    "ACCESS_NETWORK_STATE",
    "CAMERA",
    "ACCESS_FINE_LOCATION",
    "ACCESS_COARSE_LOCATION"
]

Briefcase Log:
[13:18:11] Using JDK at /home/mwenesi/.cache/briefcase/tools/java17                                                                                                      java.py:259
           Using Android SDK at /home/mwenesi/.cache/briefcase/tools/android_sdk                                                                                  android_sdk.py:375
                                                                                                                                                                       gradle.py:319
           [billo] Updating app metadata...                                                                                                                            gradle.py:319
           Setting main module... started                                                                                                                              gradle.py:302
           Setting main module... done                                                                                                                                 gradle.py:302
                                                                                                                                                                       gradle.py:322
           [billo] Building Android APK...                                                                                                                             gradle.py:322
           Building... started                                                                                                                                         gradle.py:323
           Android emulator is already installed.                                                                                                                 android_sdk.py:650
                                                                                                                                                                   subprocess.py:838
           >>> Running Command:                                                                                                                                    subprocess.py:838
           >>>     /home/mwenesi/billo-project/mobile/build/billo/android/gradle/gradlew --console plain assembleDebug                                             subprocess.py:838
           >>> Working Directory:                                                                                                                                  subprocess.py:838
           >>>     /home/mwenesi/billo-project/mobile/build/billo/android/gradle                                                                                   subprocess.py:838
           >>> Environment Overrides:                                                                                                                              subprocess.py:838
           >>>     ANDROID_HOME=/home/mwenesi/.cache/briefcase/tools/android_sdk                                                                                   subprocess.py:838
           >>>     ANDROID_SDK_ROOT=/home/mwenesi/.cache/briefcase/tools/android_sdk                                                                               subprocess.py:838
           >>>     JAVA_HOME=/home/mwenesi/.cache/briefcase/tools/java17                                                                                           subprocess.py:838
[13:18:10] > Task :app:preBuild UP-TO-DATE                                                                                                                         subprocess.py:195
           > Task :app:preDebugBuild UP-TO-DATE                                                                                                                    subprocess.py:195
           > Task :app:mergeDebugNativeDebugMetadata NO-SOURCE                                                                                                     subprocess.py:195
           > Task :app:extractDebugPythonBuildPackages                                                                                                             subprocess.py:195
[13:18:12]                                                                                                                                                         subprocess.py:195
           > Task :app:generateDebugPythonRequirements                                                                                                             subprocess.py:195
           Chaquopy: Installing for arm64-v8a                                                                                                                      subprocess.py:195
           Looking in indexes: https://pypi.org/simple, https://chaquo.com/pypi-13.1                                                                               subprocess.py:195
[13:18:13] Collecting toga-core==0.4.7                                                                                                                             subprocess.py:195
             Using cached toga_core-0.4.7-py3-none-any.whl (139 kB)                                                                                                subprocess.py:195
           Collecting toga-android==0.4.7                                                                                                                          subprocess.py:195
             Using cached toga_android-0.4.7-py3-none-any.whl (67 kB)                                                                                              subprocess.py:195
           Collecting rubicon-java==0.2.6                                                                                                                          subprocess.py:195
             Using cached rubicon_java-0.2.6-py3-none-any.whl (25 kB)                                                                                              subprocess.py:195
[13:18:14] Collecting travertino==0.3.0                                                                                                                            subprocess.py:195
             Using cached travertino-0.3.0-py3-none-any.whl (16 kB)                                                                                                subprocess.py:195
           Collecting colosseum==0.2.0                                                                                                                             subprocess.py:195
             Using cached colosseum-0.2.0-py3-none-any.whl (261 kB)                                                                                                subprocess.py:195
[13:18:15] Collecting python-dotenv==1.0.0                                                                                                                         subprocess.py:195
             Using cached python_dotenv-1.0.0-py3-none-any.whl (19 kB)                                                                                             subprocess.py:195
           Collecting segno==1.5.3                                                                                                                                 subprocess.py:195
[13:18:16]   Downloading segno-1.5.3-py2.py3-none-any.whl (84 kB)                                                                                                  subprocess.py:195
[13:18:21] WARNING: Retrying (Retry(total=4, connect=None, read=None, redirect=None, status=None)) after connection broken by 'ProtocolError('Connection           subprocess.py:195
           aborted.', RemoteDisconnected('Remote end closed connection without response'))': /pypi-13.1/aiohttp/                                                                    
           Collecting aiohttp==3.9.0                                                                                                                               subprocess.py:195
[13:18:22]   Downloading aiohttp-3.9.0.tar.gz (7.5 MB)                                                                                                             subprocess.py:195
[13:18:29]   Installing build dependencies: started                                                                                                                subprocess.py:195
[13:18:31]   Installing build dependencies: finished with status 'done'                                                                                            subprocess.py:195
             Getting requirements to build wheel: started                                                                                                          subprocess.py:195
[13:18:32]   Getting requirements to build wheel: finished with status 'done'                                                                                      subprocess.py:195
               Preparing wheel metadata: started                                                                                                                   subprocess.py:195
               Preparing wheel metadata: finished with status 'done'                                                                                               subprocess.py:195
[13:18:33] Collecting pydantic==1.10.15                                                                                                                            subprocess.py:195
             Downloading pydantic-1.10.15-py3-none-any.whl (159 kB)                                                                                                subprocess.py:195
[13:18:34] Collecting supabase==2.*                                                                                                                                subprocess.py:195
             Using cached supabase-2.18.1-py3-none-any.whl (18 kB)                                                                                                 subprocess.py:195
[13:18:35] Collecting httpx==0.24.*                                                                                                                                subprocess.py:195
             Downloading httpx-0.24.1-py3-none-any.whl (75 kB)                                                                                                     subprocess.py:195
[13:18:36] Collecting python-jose[cryptography]==3.3.0                                                                                                             subprocess.py:195
             Downloading python_jose-3.3.0-py2.py3-none-any.whl (33 kB)                                                                                            subprocess.py:195
[13:18:37] Collecting python-multipart==0.0.5                                                                                                                      subprocess.py:195
             Downloading python-multipart-0.0.5.tar.gz (32 kB)                                                                                                     subprocess.py:195
[13:18:38] Collecting frozenlist>=1.1.1                                                                                                                            subprocess.py:195
             Downloading https://chaquo.com/pypi-13.1/frozenlist/frozenlist-1.2.0-0-cp310-cp310-android_21_arm64_v8a.whl (75 kB)                                   subprocess.py:195
[13:18:39] Collecting async-timeout<5.0,>=4.0; python_version < "3.11"                                                                                             subprocess.py:195
             Downloading async_timeout-4.0.3-py3-none-any.whl (5.7 kB)                                                                                             subprocess.py:195
[13:18:40] Collecting attrs>=17.3.0                                                                                                                                subprocess.py:195
             Downloading attrs-25.3.0-py3-none-any.whl (63 kB)                                                                                                     subprocess.py:195
[13:18:41] Collecting aiosignal>=1.1.2                                                                                                                             subprocess.py:195
             Downloading aiosignal-1.4.0-py3-none-any.whl (7.5 kB)                                                                                                 subprocess.py:195
           Collecting yarl<2.0,>=1.0                                                                                                                               subprocess.py:195
             Downloading https://chaquo.com/pypi-13.1/yarl/yarl-1.4.2-0-cp310-cp310-android_21_arm64_v8a.whl (117 kB)                                              subprocess.py:195
[13:18:43] Collecting multidict<7.0,>=4.5                                                                                                                          subprocess.py:195
             Downloading https://chaquo.com/pypi-13.1/multidict/multidict-5.1.0-0-cp310-cp310-android_21_arm64_v8a.whl (45 kB)                                     subprocess.py:195
[13:18:44] Collecting typing-extensions>=4.2.0                                                                                                                     subprocess.py:195
             Using cached typing_extensions-4.15.0-py3-none-any.whl (44 kB)                                                                                        subprocess.py:195
[13:18:45] Collecting supabase-auth==2.12.3                                                                                                                        subprocess.py:195
             Using cached supabase_auth-2.12.3-py3-none-any.whl (44 kB)                                                                                            subprocess.py:195
           Collecting storage3==0.12.1                                                                                                                             subprocess.py:195
[13:18:46]   Using cached storage3-0.12.1-py3-none-any.whl (18 kB)                                                                                                 subprocess.py:195
           Collecting postgrest==1.1.1                                                                                                                             subprocess.py:195
             Using cached postgrest-1.1.1-py3-none-any.whl (22 kB)                                                                                                 subprocess.py:195
[13:18:47] Collecting realtime==2.7.0                                                                                                                              subprocess.py:195
             Using cached realtime-2.7.0-py3-none-any.whl (22 kB)                                                                                                  subprocess.py:195
           Collecting supabase-functions==0.10.1                                                                                                                   subprocess.py:195
             Using cached supabase_functions-0.10.1-py3-none-any.whl (8.3 kB)                                                                                      subprocess.py:195
[13:18:48] Collecting idna                                                                                                                                         subprocess.py:195
             Using cached idna-3.10-py3-none-any.whl (70 kB)                                                                                                       subprocess.py:195
           Collecting sniffio                                                                                                                                      subprocess.py:195
             Using cached sniffio-1.3.1-py3-none-any.whl (10 kB)                                                                                                   subprocess.py:195
[13:18:49] Collecting certifi                                                                                                                                      subprocess.py:195
             Using cached certifi-2025.8.3-py3-none-any.whl (161 kB)                                                                                               subprocess.py:195
[13:18:50] Collecting httpcore<0.18.0,>=0.15.0                                                                                                                     subprocess.py:195
             Downloading httpcore-0.17.3-py3-none-any.whl (74 kB)                                                                                                  subprocess.py:195
           Collecting pyasn1                                                                                                                                       subprocess.py:195
             Downloading pyasn1-0.6.1-py3-none-any.whl (83 kB)                                                                                                     subprocess.py:195
[13:18:51] Collecting ecdsa!=0.15                                                                                                                                  subprocess.py:195
             Downloading ecdsa-0.19.1-py2.py3-none-any.whl (150 kB)                                                                                                subprocess.py:195
[13:18:52] Collecting rsa                                                                                                                                          subprocess.py:195
             Downloading rsa-4.9.1-py3-none-any.whl (34 kB)                                                                                                        subprocess.py:195
[13:18:53] Collecting cryptography>=3.4.0; extra == "cryptography"                                                                                                 subprocess.py:195
[13:18:54]   Downloading https://chaquo.com/pypi-13.1/cryptography/cryptography-42.0.8-0-cp310-cp310-android_24_arm64_v8a.whl (1.1 MB)                             subprocess.py:195
[13:18:55] Collecting six>=1.4.0                                                                                                                                   subprocess.py:195
             Using cached six-1.17.0-py2.py3-none-any.whl (11 kB)                                                                                                  subprocess.py:195
[13:18:56] Collecting pyjwt<3.0.0,>=2.10.1                                                                                                                         subprocess.py:195
             Using cached PyJWT-2.10.1-py3-none-any.whl (22 kB)                                                                                                    subprocess.py:195
           Collecting python-dateutil<3.0.0,>=2.8.2                                                                                                                subprocess.py:195
             Using cached python_dateutil-2.9.0.post0-py2.py3-none-any.whl (229 kB)                                                                                subprocess.py:195
[13:18:57] Collecting deprecation<3.0.0,>=2.1.0                                                                                                                    subprocess.py:195
             Using cached deprecation-2.1.0-py2.py3-none-any.whl (11 kB)                                                                                           subprocess.py:195
           Collecting strenum<0.5.0,>=0.4.9; python_version < "3.11"                                                                                               subprocess.py:195
             Using cached StrEnum-0.4.15-py3-none-any.whl (8.9 kB)                                                                                                 subprocess.py:195
[13:18:58] Collecting websockets<16,>=11                                                                                                                           subprocess.py:195
             Using cached websockets-15.0.1-py3-none-any.whl (169 kB)                                                                                              subprocess.py:195
[13:18:59] Collecting h11<0.15,>=0.13                                                                                                                              subprocess.py:195
             Downloading h11-0.14.0-py3-none-any.whl (58 kB)                                                                                                       subprocess.py:195
           Collecting anyio<5.0,>=3.0                                                                                                                              subprocess.py:195
             Using cached anyio-4.10.0-py3-none-any.whl (107 kB)                                                                                                   subprocess.py:195
[13:19:00] Collecting cffi>=1.12; platform_python_implementation != "PyPy"                                                                                         subprocess.py:195
[13:19:01]   Downloading https://chaquo.com/pypi-13.1/cffi/cffi-1.15.1-0-cp310-cp310-android_21_arm64_v8a.whl (169 kB)                                             subprocess.py:195
[13:19:02] Collecting packaging                                                                                                                                    subprocess.py:195
             Using cached packaging-25.0-py3-none-any.whl (66 kB)                                                                                                  subprocess.py:195
           Collecting exceptiongroup>=1.0.2; python_version < "3.11"                                                                                               subprocess.py:195
             Using cached exceptiongroup-1.3.0-py3-none-any.whl (16 kB)                                                                                            subprocess.py:195
[13:19:03] Collecting chaquopy-libffi>=3.3                                                                                                                         subprocess.py:195
             Downloading https://chaquo.com/pypi-13.1/chaquopy-libffi/chaquopy_libffi-3.3-2-py3-none-android_21_arm64_v8a.whl (32 kB)                              subprocess.py:195
           Collecting pycparser                                                                                                                                    subprocess.py:195
             Downloading pycparser-2.22-py3-none-any.whl (117 kB)                                                                                                  subprocess.py:195
[13:19:04] Building wheels for collected packages: aiohttp, python-multipart                                                                                       subprocess.py:195
             Building wheel for aiohttp (PEP 517): started                                                                                                         subprocess.py:195
             Building wheel for aiohttp (PEP 517): finished with status 'error'                                                                                    subprocess.py:195
             ERROR: Command errored out with exit status 1:                                                                                                        subprocess.py:195
              command: /home/mwenesi/billo-project/mobile/build/billo/android/gradle/app/build/python/env/debug/bin/python                                         subprocess.py:195
           /home/mwenesi/billo-project/mobile/build/billo/android/gradle/app/build/python/env/debug/lib/python3.10/site-packages/pip/_vendor/pep517/_in_process.py                  
           build_wheel /tmp/tmpe5w2kyoz                                                                                                                                             
                  cwd: /tmp/pip-install-o41e1r9l/aiohttp                                                                                                           subprocess.py:195
             Complete output (108 lines):                                                                                                                          subprocess.py:195
             *********************                                                                                                                                 subprocess.py:195
             * Accelerated build *                                                                                                                                 subprocess.py:195
             *********************                                                                                                                                 subprocess.py:195
             /tmp/pip-build-env-tsbk6lle/overlay/lib/python3.10/site-packages/setuptools/dist.py:759: SetuptoolsDeprecationWarning: License classifiers are        subprocess.py:195
           deprecated.                                                                                                                                                              
             !!                                                                                                                                                    subprocess.py:195
                                                                                                                                                                   subprocess.py:195
                     ********************************************************************************                                                              subprocess.py:195
                     Please consider removing the following classifiers in favor of a SPDX license expression:                                                     subprocess.py:195
                                                                                                                                                                   subprocess.py:195
                     License :: OSI Approved :: Apache Software License                                                                                            subprocess.py:195
                                                                                                                                                                   subprocess.py:195
                     See https://packaging.python.org/en/latest/guides/writing-pyproject-toml/#license for details.                                                subprocess.py:195
                     ********************************************************************************                                                              subprocess.py:195
                                                                                                                                                                   subprocess.py:195
             !!                                                                                                                                                    subprocess.py:195
               self._finalize_license_expression()                                                                                                                 subprocess.py:195
             running bdist_wheel                                                                                                                                   subprocess.py:195
             running build                                                                                                                                         subprocess.py:195
             running build_py                                                                                                                                      subprocess.py:195
             creating build/lib.linux-x86_64-cpython-310/aiohttp                                                                                                   subprocess.py:195
             copying aiohttp/test_utils.py -> build/lib.linux-x86_64-cpython-310/aiohttp                                                                           subprocess.py:195
             copying aiohttp/payload_streamer.py -> build/lib.linux-x86_64-cpython-310/aiohttp                                                                     subprocess.py:195
             copying aiohttp/worker.py -> build/lib.linux-x86_64-cpython-310/aiohttp                                                                               subprocess.py:195
             copying aiohttp/multipart.py -> build/lib.linux-x86_64-cpython-310/aiohttp                                                                            subprocess.py:195
             copying aiohttp/web_urldispatcher.py -> build/lib.linux-x86_64-cpython-310/aiohttp                                                                    subprocess.py:195
             copying aiohttp/web_request.py -> build/lib.linux-x86_64-cpython-310/aiohttp                                                                          subprocess.py:195
             copying aiohttp/web_app.py -> build/lib.linux-x86_64-cpython-310/aiohttp                                                                              subprocess.py:195
             copying aiohttp/web_exceptions.py -> build/lib.linux-x86_64-cpython-310/aiohttp                                                                       subprocess.py:195
             copying aiohttp/web_response.py -> build/lib.linux-x86_64-cpython-310/aiohttp                                                                         subprocess.py:195
             copying aiohttp/web_middlewares.py -> build/lib.linux-x86_64-cpython-310/aiohttp                                                                      subprocess.py:195
             copying aiohttp/http_websocket.py -> build/lib.linux-x86_64-cpython-310/aiohttp                                                                       subprocess.py:195
             copying aiohttp/formdata.py -> build/lib.linux-x86_64-cpython-310/aiohttp                                                                             subprocess.py:195
             copying aiohttp/connector.py -> build/lib.linux-x86_64-cpython-310/aiohttp                                                                            subprocess.py:195
             copying aiohttp/tcp_helpers.py -> build/lib.linux-x86_64-cpython-310/aiohttp                                                                          subprocess.py:195
             copying aiohttp/typedefs.py -> build/lib.linux-x86_64-cpython-310/aiohttp                                                                             subprocess.py:195
             copying aiohttp/web_server.py -> build/lib.linux-x86_64-cpython-310/aiohttp                                                                           subprocess.py:195
             copying aiohttp/resolver.py -> build/lib.linux-x86_64-cpython-310/aiohttp                                                                             subprocess.py:195
             copying aiohttp/web_routedef.py -> build/lib.linux-x86_64-cpython-310/aiohttp                                                                         subprocess.py:195
             copying aiohttp/web_log.py -> build/lib.linux-x86_64-cpython-310/aiohttp                                                                              subprocess.py:195
             copying aiohttp/http.py -> build/lib.linux-x86_64-cpython-310/aiohttp                                                                                 subprocess.py:195
             copying aiohttp/web_ws.py -> build/lib.linux-x86_64-cpython-310/aiohttp                                                                               subprocess.py:195
             copying aiohttp/cookiejar.py -> build/lib.linux-x86_64-cpython-310/aiohttp                                                                            subprocess.py:195
             copying aiohttp/client_proto.py -> build/lib.linux-x86_64-cpython-310/aiohttp                                                                         subprocess.py:195
             copying aiohttp/hdrs.py -> build/lib.linux-x86_64-cpython-310/aiohttp                                                                                 subprocess.py:195
             copying aiohttp/base_protocol.py -> build/lib.linux-x86_64-cpython-310/aiohttp                                                                        subprocess.py:195
             copying aiohttp/helpers.py -> build/lib.linux-x86_64-cpython-310/aiohttp                                                                              subprocess.py:195
             copying aiohttp/streams.py -> build/lib.linux-x86_64-cpython-310/aiohttp                                                                              subprocess.py:195
             copying aiohttp/abc.py -> build/lib.linux-x86_64-cpython-310/aiohttp                                                                                  subprocess.py:195
             copying aiohttp/web_runner.py -> build/lib.linux-x86_64-cpython-310/aiohttp                                                                           subprocess.py:195
             copying aiohttp/web_fileresponse.py -> build/lib.linux-x86_64-cpython-310/aiohttp                                                                     subprocess.py:195
             copying aiohttp/client_ws.py -> build/lib.linux-x86_64-cpython-310/aiohttp                                                                            subprocess.py:195
             copying aiohttp/http_writer.py -> build/lib.linux-x86_64-cpython-310/aiohttp                                                                          subprocess.py:195
             copying aiohttp/http_parser.py -> build/lib.linux-x86_64-cpython-310/aiohttp                                                                          subprocess.py:195
             copying aiohttp/tracing.py -> build/lib.linux-x86_64-cpython-310/aiohttp                                                                              subprocess.py:195
             copying aiohttp/client_exceptions.py -> build/lib.linux-x86_64-cpython-310/aiohttp                                                                    subprocess.py:195
             copying aiohttp/web.py -> build/lib.linux-x86_64-cpython-310/aiohttp                                                                                  subprocess.py:195
             copying aiohttp/compression_utils.py -> build/lib.linux-x86_64-cpython-310/aiohttp                                                                    subprocess.py:195
             copying aiohttp/web_protocol.py -> build/lib.linux-x86_64-cpython-310/aiohttp                                                                         subprocess.py:195
             copying aiohttp/__init__.py -> build/lib.linux-x86_64-cpython-310/aiohttp                                                                             subprocess.py:195
             copying aiohttp/log.py -> build/lib.linux-x86_64-cpython-310/aiohttp                                                                                  subprocess.py:195
             copying aiohttp/pytest_plugin.py -> build/lib.linux-x86_64-cpython-310/aiohttp                                                                        subprocess.py:195
             copying aiohttp/locks.py -> build/lib.linux-x86_64-cpython-310/aiohttp                                                                                subprocess.py:195
             copying aiohttp/http_exceptions.py -> build/lib.linux-x86_64-cpython-310/aiohttp                                                                      subprocess.py:195
             copying aiohttp/payload.py -> build/lib.linux-x86_64-cpython-310/aiohttp                                                                              subprocess.py:195
             copying aiohttp/client_reqrep.py -> build/lib.linux-x86_64-cpython-310/aiohttp                                                                        subprocess.py:195
             copying aiohttp/client.py -> build/lib.linux-x86_64-cpython-310/aiohttp                                                                               subprocess.py:195
             running egg_info                                                                                                                                      subprocess.py:195
             writing aiohttp.egg-info/PKG-INFO                                                                                                                     subprocess.py:195
             writing dependency_links to aiohttp.egg-info/dependency_links.txt                                                                                     subprocess.py:195
             writing requirements to aiohttp.egg-info/requires.txt                                                                                                 subprocess.py:195
             writing top-level names to aiohttp.egg-info/top_level.txt                                                                                             subprocess.py:195
             reading manifest file 'aiohttp.egg-info/SOURCES.txt'                                                                                                  subprocess.py:195
             reading manifest template 'MANIFEST.in'                                                                                                               subprocess.py:195
             warning: no files found matching 'aiohttp' anywhere in distribution                                                                                   subprocess.py:195
             warning: no previously-included files matching '*.pyc' found anywhere in distribution                                                                 subprocess.py:195
             warning: no previously-included files matching '*.pyd' found anywhere in distribution                                                                 subprocess.py:195
             warning: no previously-included files matching '*.so' found anywhere in distribution                                                                  subprocess.py:195
             warning: no previously-included files matching '*.lib' found anywhere in distribution                                                                 subprocess.py:195
             warning: no previously-included files matching '*.dll' found anywhere in distribution                                                                 subprocess.py:195
             warning: no previously-included files matching '*.a' found anywhere in distribution                                                                   subprocess.py:195
             warning: no previously-included files matching '*.obj' found anywhere in distribution                                                                 subprocess.py:195
             warning: no previously-included files found matching 'aiohttp/*.html'                                                                                 subprocess.py:195
             no previously-included directories found matching 'docs/_build'                                                                                       subprocess.py:195
             adding license file 'LICENSE.txt'                                                                                                                     subprocess.py:195
             writing manifest file 'aiohttp.egg-info/SOURCES.txt'                                                                                                  subprocess.py:195
             copying aiohttp/_cparser.pxd -> build/lib.linux-x86_64-cpython-310/aiohttp                                                                            subprocess.py:195
             copying aiohttp/_find_header.pxd -> build/lib.linux-x86_64-cpython-310/aiohttp                                                                        subprocess.py:195
             copying aiohttp/_headers.pxi -> build/lib.linux-x86_64-cpython-310/aiohttp                                                                            subprocess.py:195
             copying aiohttp/_helpers.pyi -> build/lib.linux-x86_64-cpython-310/aiohttp                                                                            subprocess.py:195
             copying aiohttp/_helpers.pyx -> build/lib.linux-x86_64-cpython-310/aiohttp                                                                            subprocess.py:195
             copying aiohttp/_http_parser.pyx -> build/lib.linux-x86_64-cpython-310/aiohttp                                                                        subprocess.py:195
             copying aiohttp/_http_writer.pyx -> build/lib.linux-x86_64-cpython-310/aiohttp                                                                        subprocess.py:195
             copying aiohttp/_websocket.pyx -> build/lib.linux-x86_64-cpython-310/aiohttp                                                                          subprocess.py:195
             copying aiohttp/py.typed -> build/lib.linux-x86_64-cpython-310/aiohttp                                                                                subprocess.py:195
             creating build/lib.linux-x86_64-cpython-310/aiohttp/.hash                                                                                             subprocess.py:195
             copying aiohttp/.hash/_cparser.pxd.hash -> build/lib.linux-x86_64-cpython-310/aiohttp/.hash                                                           subprocess.py:195
             copying aiohttp/.hash/_find_header.pxd.hash -> build/lib.linux-x86_64-cpython-310/aiohttp/.hash                                                       subprocess.py:195
             copying aiohttp/.hash/_helpers.pyi.hash -> build/lib.linux-x86_64-cpython-310/aiohttp/.hash                                                           subprocess.py:195
             copying aiohttp/.hash/_helpers.pyx.hash -> build/lib.linux-x86_64-cpython-310/aiohttp/.hash                                                           subprocess.py:195
             copying aiohttp/.hash/_http_parser.pyx.hash -> build/lib.linux-x86_64-cpython-310/aiohttp/.hash                                                       subprocess.py:195
             copying aiohttp/.hash/_http_writer.pyx.hash -> build/lib.linux-x86_64-cpython-310/aiohttp/.hash                                                       subprocess.py:195
             copying aiohttp/.hash/_websocket.pyx.hash -> build/lib.linux-x86_64-cpython-310/aiohttp/.hash                                                         subprocess.py:195
             copying aiohttp/.hash/hdrs.py.hash -> build/lib.linux-x86_64-cpython-310/aiohttp/.hash                                                                subprocess.py:195
             running build_ext                                                                                                                                     subprocess.py:195
             building 'aiohttp._websocket' extension                                                                                                               subprocess.py:195
             creating build/temp.linux-x86_64-cpython-310/aiohttp                                                                                                  subprocess.py:195
             Chaquopy_cannot_compile_native_code -Wno-unused-result -Wsign-compare -DNDEBUG -g -fwrapv -O2 -Wall -g -fno-omit-frame-pointer                        subprocess.py:195
           -mno-omit-leaf-frame-pointer -fstack-protector-strong -fstack-clash-protection -Wformat -Werror=format-security -fcf-protection -g -fwrapv -O2 -fPIC                     
           -I/home/mwenesi/billo-project/mobile/build/billo/android/gradle/app/build/python/env/debug/include -I/usr/include/python3.10 -c aiohttp/_websocket.c -o                  
           build/temp.linux-x86_64-cpython-310/aiohttp/_websocket.o                                                                                                                 
             error: command 'Chaquopy_cannot_compile_native_code' failed: Permission denied                                                                        subprocess.py:195
             ----------------------------------------                                                                                                              subprocess.py:195
           ERROR: Failed to install aiohttp==3.9.0 from                                                                                                            subprocess.py:195
           https://files.pythonhosted.org/packages/71/80/68f3bd93240efd92e9397947301efb76461db48c5ac80be2423ffa9c20a3/aiohttp-3.9.0.tar.gz#sha256=09f23292d2913502                  
           5e19e8ff4f0a68df078fe4ee013bca0105b2e803989de92d (from -r requirements.txt (line 9)).                                                                                    
           For assistance, please raise an issue at https://github.com/chaquo/chaquopy/issues.                                                                     subprocess.py:195
           Chaquopy: Exit status 1                                                                                                                                 subprocess.py:195
                                                                                                                                                                   subprocess.py:195
           > Task :app:generateDebugPythonRequirements FAILED                                                                                                      subprocess.py:195
                                                                                                                                                                   subprocess.py:195
           [Incubating] Problems report is available at:                                                                                                           subprocess.py:195
           file:///home/mwenesi/billo-project/mobile/build/billo/android/gradle/build/reports/problems/problems-report.html                                                         
                                                                                                                                                                   subprocess.py:195
           FAILURE: Build failed with an exception.                                                                                                                subprocess.py:195
                                                                                                                                                                   subprocess.py:195
           * What went wrong:                                                                                                                                      subprocess.py:195
           Execution failed for task ':app:generateDebugPythonRequirements'.                                                                                       subprocess.py:195
           > Process 'command '/home/mwenesi/billo-project/mobile/build/billo/android/gradle/app/build/python/env/debug/bin/python'' finished with non-zero exit   subprocess.py:195
           value 1                                                                                                                                                                  
                                                                                                                                                                   subprocess.py:195
             To view full details in Android Studio:                                                                                                               subprocess.py:195
             * Click the 'Build: failed' caption to the left of this message.                                                                                      subprocess.py:195
             * Then scroll up to see the full output.                                                                                                              subprocess.py:195
                                                                                                                                                                   subprocess.py:195
           * Try:                                                                                                                                                  subprocess.py:195
           > Run with --stacktrace option to get the stack trace.                                                                                                  subprocess.py:195
           > Run with --info or --debug option to get more log output.                                                                                             subprocess.py:195
           > Run with --scan to get full insights.                                                                                                                 subprocess.py:195
           > Get more help at https://help.gradle.org.                                                                                                             subprocess.py:195
                                                                                                                                                                   subprocess.py:195
           Deprecated Gradle features were used in this build, making it incompatible with Gradle 9.0.                                                             subprocess.py:195
                                                                                                                                                                   subprocess.py:195
           You can use '--warning-mode all' to show the individual deprecation warnings and determine if they come from your own scripts or plugins.               subprocess.py:195
                                                                                                                                                                   subprocess.py:195
           For more on this, please refer to https://docs.gradle.org/8.13/userguide/command_line_interface.html#sec:command_line_warnings in the Gradle            subprocess.py:195
           documentation.                                                                                                                                                           
                                                                                                                                                                   subprocess.py:195
           BUILD FAILED in 52s                                                                                                                                     subprocess.py:195
           2 actionable tasks: 2 executed                                                                                                                          subprocess.py:195
           >>> Return code: 1                                                                                                                                      subprocess.py:838
                                                                                                                                                                   subprocess.py:838
           Building... errored                                                                                                                                         gradle.py:323
                                                                                                                                                                      __main__.py:42
           Error while building project.                                                                                                                              __main__.py:43
           Saving log... started                                                                                                                                      console.py:438

Main thread traceback:
â•­â”€â”€â”€â”€â”€â”€â”€â”€â”€â”€â”€â”€â”€â”€â”€â”€â”€â”€â”€â”€â”€â”€â”€â”€â”€â”€â”€â”€â”€â”€â”€â”€â”€â”€â”€â”€â”€â”€â”€â”€â”€â”€â”€â”€â”€â”€â”€â”€â”€â”€â”€â”€â”€â”€â”€â”€â”€â”€â”€â”€â”€â”€â”€â”€â”€â”€â”€â”€â”€â”€â”€ Traceback (most recent call last) â”€â”€â”€â”€â”€â”€â”€â”€â”€â”€â”€â”€â”€â”€â”€â”€â”€â”€â”€â”€â”€â”€â”€â”€â”€â”€â”€â”€â”€â”€â”€â”€â”€â”€â”€â”€â”€â”€â”€â”€â”€â”€â”€â”€â”€â”€â”€â”€â”€â”€â”€â”€â”€â”€â”€â”€â”€â”€â”€â”€â”€â”€â”€â”€â”€â”€â”€â”€â”€â”€â”€â”€â•®
â”‚ /home/mwenesi/billo-project/mobile/.venv/lib/python3.10/site-packages/briefcase/platforms/android/gradle.py:325 in build_app                                                     â”‚
â”‚                                                                                                                                                                                  â”‚
â”‚   322 â”‚   â”‚   self.console.info("Building Android APK...", prefix=app.app_name)                                                                                                  â”‚
â”‚   323 â”‚   â”‚   with self.console.wait_bar("Building..."):                                                                                                                         â”‚
â”‚   324 â”‚   â”‚   â”‚   try:                                                                                                                                                           â”‚
â”‚ â± 325 â”‚   â”‚   â”‚   â”‚   self.run_gradle(app, ["assembleDebug"])                                                                                                                    â”‚
â”‚   326 â”‚   â”‚   â”‚   except subprocess.CalledProcessError as e:                                                                                                                     â”‚
â”‚   327 â”‚   â”‚   â”‚   â”‚   raise BriefcaseCommandError("Error while building project.") from e                                                                                        â”‚
â”‚   328                                                                                                                                                                            â”‚
â”‚                                                                                                                                                                                  â”‚
â”‚ â•­â”€â”€â”€â”€â”€â”€â”€â”€â”€â”€â”€â”€â”€â”€â”€â”€â”€â”€â”€â”€â”€â”€â”€â”€â”€â”€â”€â”€â”€â”€â”€â”€â”€â”€â”€â”€â”€â”€â”€â”€â”€ locals â”€â”€â”€â”€â”€â”€â”€â”€â”€â”€â”€â”€â”€â”€â”€â”€â”€â”€â”€â”€â”€â”€â”€â”€â”€â”€â”€â”€â”€â”€â”€â”€â”€â”€â”€â”€â”€â”€â”€â”€â”€â”€â•®                                                                                    â”‚
â”‚ â”‚    app = <com.billo.billo v0.1.0 AppConfig>                                               â”‚                                                                                    â”‚
â”‚ â”‚ kwargs = {}                                                                               â”‚                                                                                    â”‚
â”‚ â”‚   self = <briefcase.platforms.android.gradle.GradleBuildCommand object at 0x73a794a1d2a0> â”‚                                                                                    â”‚
â”‚ â•°â”€â”€â”€â”€â”€â”€â”€â”€â”€â”€â”€â”€â”€â”€â”€â”€â”€â”€â”€â”€â”€â”€â”€â”€â”€â”€â”€â”€â”€â”€â”€â”€â”€â”€â”€â”€â”€â”€â”€â”€â”€â”€â”€â”€â”€â”€â”€â”€â”€â”€â”€â”€â”€â”€â”€â”€â”€â”€â”€â”€â”€â”€â”€â”€â”€â”€â”€â”€â”€â”€â”€â”€â”€â”€â”€â”€â”€â”€â”€â”€â”€â”€â”€â”€â”€â”€â”€â”€â”€â”€â”€â•¯                                                                                    â”‚
â”‚                                                                                                                                                                                  â”‚
â”‚ /home/mwenesi/billo-project/mobile/.venv/lib/python3.10/site-packages/briefcase/platforms/android/gradle.py:119 in run_gradle                                                    â”‚
â”‚                                                                                                                                                                                  â”‚
â”‚   116 â”‚   â”‚   self.tools.android_sdk.verify_emulator()                                                                                                                           â”‚
â”‚   117 â”‚   â”‚                                                                                                                                                                      â”‚
â”‚   118 â”‚   â”‚   gradlew = "gradlew.bat" if self.tools.host_os == "Windows" else "gradlew"                                                                                          â”‚
â”‚ â± 119 â”‚   â”‚   self.tools.subprocess.run(                                                                                                                                         â”‚
â”‚   120 â”‚   â”‚   â”‚   # Windows needs the full path to `gradlew`; macOS & Linux can find it                                                                                          â”‚
â”‚   121 â”‚   â”‚   â”‚   # via `./gradlew`. For simplicity of implementation, we always provide                                                                                         â”‚
â”‚   122 â”‚   â”‚   â”‚   # the full path.                                                                                                                                               â”‚
â”‚                                                                                                                                                                                  â”‚
â”‚ â•­â”€â”€â”€â”€â”€â”€â”€â”€â”€â”€â”€â”€â”€â”€â”€â”€â”€â”€â”€â”€â”€â”€â”€â”€â”€â”€â”€â”€â”€â”€â”€â”€â”€â”€â”€â”€â”€â”€â”€â”€â”€â”€ locals â”€â”€â”€â”€â”€â”€â”€â”€â”€â”€â”€â”€â”€â”€â”€â”€â”€â”€â”€â”€â”€â”€â”€â”€â”€â”€â”€â”€â”€â”€â”€â”€â”€â”€â”€â”€â”€â”€â”€â”€â”€â”€â•®                                                                                   â”‚
â”‚ â”‚     app = <com.billo.billo v0.1.0 AppConfig>                                               â”‚                                                                                   â”‚
â”‚ â”‚    args = ['assembleDebug']                                                                â”‚                                                                                   â”‚
â”‚ â”‚ gradlew = 'gradlew'                                                                        â”‚                                                                                   â”‚
â”‚ â”‚    self = <briefcase.platforms.android.gradle.GradleBuildCommand object at 0x73a794a1d2a0> â”‚                                                                                   â”‚
â”‚ â•°â”€â”€â”€â”€â”€â”€â”€â”€â”€â”€â”€â”€â”€â”€â”€â”€â”€â”€â”€â”€â”€â”€â”€â”€â”€â”€â”€â”€â”€â”€â”€â”€â”€â”€â”€â”€â”€â”€â”€â”€â”€â”€â”€â”€â”€â”€â”€â”€â”€â”€â”€â”€â”€â”€â”€â”€â”€â”€â”€â”€â”€â”€â”€â”€â”€â”€â”€â”€â”€â”€â”€â”€â”€â”€â”€â”€â”€â”€â”€â”€â”€â”€â”€â”€â”€â”€â”€â”€â”€â”€â”€â”€â•¯                                                                                   â”‚
â”‚                                                                                                                                                                                  â”‚
â”‚ /home/mwenesi/billo-project/mobile/.venv/lib/python3.10/site-packages/briefcase/integrations/subprocess.py:144 in inner                                                          â”‚
â”‚                                                                                                                                                                                  â”‚
â”‚   141 â”‚   â”‚   â”‚   with sub.tools.console.release_console_control():                                                                                                              â”‚
â”‚   142 â”‚   â”‚   â”‚   â”‚   return sub_method(sub, args, *wrapped_args, **wrapped_kwargs)                                                                                              â”‚
â”‚   143 â”‚   â”‚   else:                                                                                                                                                              â”‚
â”‚ â± 144 â”‚   â”‚   â”‚   return sub_method(sub, args, *wrapped_args, **wrapped_kwargs)                                                                                                  â”‚
â”‚   145 â”‚                                                                                                                                                                          â”‚
â”‚   146 â”‚   return inner                                                                                                                                                           â”‚
â”‚   147                                                                                                                                                                            â”‚
â”‚                                                                                                                                                                                  â”‚
â”‚ â•­â”€â”€â”€â”€â”€â”€â”€â”€â”€â”€â”€â”€â”€â”€â”€â”€â”€â”€â”€â”€â”€â”€â”€â”€â”€â”€â”€â”€â”€â”€â”€â”€â”€â”€â”€â”€â”€â”€â”€â”€â”€â”€â”€â”€â”€â”€â”€â”€â”€â”€â”€â”€â”€â”€â”€â”€â”€â”€â”€â”€â”€â”€â”€â”€â”€â”€â”€â”€â”€â”€â”€ locals â”€â”€â”€â”€â”€â”€â”€â”€â”€â”€â”€â”€â”€â”€â”€â”€â”€â”€â”€â”€â”€â”€â”€â”€â”€â”€â”€â”€â”€â”€â”€â”€â”€â”€â”€â”€â”€â”€â”€â”€â”€â”€â”€â”€â”€â”€â”€â”€â”€â”€â”€â”€â”€â”€â”€â”€â”€â”€â”€â”€â”€â”€â”€â”€â”€â”€â”€â”€â”€â”€â”€â”€â•®                        â”‚
â”‚ â”‚                    args = [PosixPath('/home/mwenesi/billo-project/mobile/build/billo/android/gradle/gradlew'), '--console', 'plain', 'assembleDebug'] â”‚                        â”‚
â”‚ â”‚ remove_dynamic_elements = False                                                                                                                       â”‚                        â”‚
â”‚ â”‚                     sub = <briefcase.integrations.subprocess.Subprocess object at 0x73a792ecd090>                                                     â”‚                        â”‚
â”‚ â”‚            wrapped_args = ()                                                                                                                          â”‚                        â”‚
â”‚ â”‚          wrapped_kwargs = {                                                                                                                           â”‚                        â”‚
â”‚ â”‚                           â”‚   'env': {                                                                                                                â”‚                        â”‚
â”‚ â”‚                           â”‚   â”‚   'ANDROID_HOME': '/home/mwenesi/.cache/briefcase/tools/android_sdk',                                                 â”‚                        â”‚
â”‚ â”‚                           â”‚   â”‚   'ANDROID_SDK_ROOT': '/home/mwenesi/.cache/briefcase/tools/android_sdk',                                             â”‚                        â”‚
â”‚ â”‚                           â”‚   â”‚   'JAVA_HOME': '/home/mwenesi/.cache/briefcase/tools/java17'                                                          â”‚                        â”‚
â”‚ â”‚                           â”‚   },                                                                                                                      â”‚                        â”‚
â”‚ â”‚                           â”‚   'cwd': PosixPath('/home/mwenesi/billo-project/mobile/build/billo/android/gradle'),                                      â”‚                        â”‚
â”‚ â”‚                           â”‚   'check': True,                                                                                                          â”‚                        â”‚
â”‚ â”‚                           â”‚   'encoding': 'UTF-8'                                                                                                     â”‚                        â”‚
â”‚ â”‚                           }                                                                                                                           â”‚                        â”‚
â”‚ â•°â”€â”€â”€â”€â”€â”€â”€â”€â”€â”€â”€â”€â”€â”€â”€â”€â”€â”€â”€â”€â”€â”€â”€â”€â”€â”€â”€â”€â”€â”€â”€â”€â”€â”€â”€â”€â”€â”€â”€â”€â”€â”€â”€â”€â”€â”€â”€â”€â”€â”€â”€â”€â”€â”€â”€â”€â”€â”€â”€â”€â”€â”€â”€â”€â”€â”€â”€â”€â”€â”€â”€â”€â”€â”€â”€â”€â”€â”€â”€â”€â”€â”€â”€â”€â”€â”€â”€â”€â”€â”€â”€â”€â”€â”€â”€â”€â”€â”€â”€â”€â”€â”€â”€â”€â”€â”€â”€â”€â”€â”€â”€â”€â”€â”€â”€â”€â”€â”€â”€â”€â”€â”€â”€â”€â”€â”€â”€â”€â”€â”€â”€â”€â”€â”€â”€â”€â”€â”€â”€â”€â”€â”€â”€â”€â”€â”€â”€â”€â”€â”€â”€â•¯                        â”‚
â”‚                                                                                                                                                                                  â”‚
â”‚ /home/mwenesi/billo-project/mobile/.venv/lib/python3.10/site-packages/briefcase/integrations/subprocess.py:539 in run                                                            â”‚
â”‚                                                                                                                                                                                  â”‚
â”‚   536 â”‚   â”‚   # caller sets stream_output=False, then ensure_console_is_safe() will                                                                                              â”‚
â”‚   537 â”‚   â”‚   # disable any dynamic console elements while the command runs.                                                                                                     â”‚
â”‚   538 â”‚   â”‚   if stream_output:                                                                                                                                                  â”‚
â”‚ â± 539 â”‚   â”‚   â”‚   return self._run_and_stream_output(args, filter_func=filter_func, **kwargs)                                                                                    â”‚
â”‚   540 â”‚   â”‚                                                                                                                                                                      â”‚
â”‚   541 â”‚   â”‚   # Can't filter non-streamed output.                                                                                                                                â”‚
â”‚   542 â”‚   â”‚   if filter_func:                                                                                                                                                    â”‚
â”‚                                                                                                                                                                                  â”‚
â”‚ â•­â”€â”€â”€â”€â”€â”€â”€â”€â”€â”€â”€â”€â”€â”€â”€â”€â”€â”€â”€â”€â”€â”€â”€â”€â”€â”€â”€â”€â”€â”€â”€â”€â”€â”€â”€â”€â”€â”€â”€â”€â”€â”€â”€â”€â”€â”€â”€â”€â”€â”€â”€â”€â”€â”€â”€â”€â”€â”€â”€â”€â”€â”€â”€â”€â”€â”€ locals â”€â”€â”€â”€â”€â”€â”€â”€â”€â”€â”€â”€â”€â”€â”€â”€â”€â”€â”€â”€â”€â”€â”€â”€â”€â”€â”€â”€â”€â”€â”€â”€â”€â”€â”€â”€â”€â”€â”€â”€â”€â”€â”€â”€â”€â”€â”€â”€â”€â”€â”€â”€â”€â”€â”€â”€â”€â”€â”€â”€â”€â”€â”€â”€â”€â”€â”€â•®                                  â”‚
â”‚ â”‚          args = [PosixPath('/home/mwenesi/billo-project/mobile/build/billo/android/gradle/gradlew'), '--console', 'plain', 'assembleDebug'] â”‚                                  â”‚
â”‚ â”‚   filter_func = None                                                                                                                        â”‚                                  â”‚
â”‚ â”‚        kwargs = {                                                                                                                           â”‚                                  â”‚
â”‚ â”‚                 â”‚   'env': {                                                                                                                â”‚                                  â”‚
â”‚ â”‚                 â”‚   â”‚   'ANDROID_HOME': '/home/mwenesi/.cache/briefcase/tools/android_sdk',                                                 â”‚                                  â”‚
â”‚ â”‚                 â”‚   â”‚   'ANDROID_SDK_ROOT': '/home/mwenesi/.cache/briefcase/tools/android_sdk',                                             â”‚                                  â”‚
â”‚ â”‚                 â”‚   â”‚   'JAVA_HOME': '/home/mwenesi/.cache/briefcase/tools/java17'                                                          â”‚                                  â”‚
â”‚ â”‚                 â”‚   },                                                                                                                      â”‚                                  â”‚
â”‚ â”‚                 â”‚   'cwd': PosixPath('/home/mwenesi/billo-project/mobile/build/billo/android/gradle'),                                      â”‚                                  â”‚
â”‚ â”‚                 â”‚   'check': True,                                                                                                          â”‚                                  â”‚
â”‚ â”‚                 â”‚   'encoding': 'UTF-8'                                                                                                     â”‚                                  â”‚
â”‚ â”‚                 }                                                                                                                           â”‚                                  â”‚
â”‚ â”‚          self = <briefcase.integrations.subprocess.Subprocess object at 0x73a792ecd090>                                                     â”‚                                  â”‚
â”‚ â”‚ stream_output = True                                                                                                                        â”‚                                  â”‚
â”‚ â•°â”€â”€â”€â”€â”€â”€â”€â”€â”€â”€â”€â”€â”€â”€â”€â”€â”€â”€â”€â”€â”€â”€â”€â”€â”€â”€â”€â”€â”€â”€â”€â”€â”€â”€â”€â”€â”€â”€â”€â”€â”€â”€â”€â”€â”€â”€â”€â”€â”€â”€â”€â”€â”€â”€â”€â”€â”€â”€â”€â”€â”€â”€â”€â”€â”€â”€â”€â”€â”€â”€â”€â”€â”€â”€â”€â”€â”€â”€â”€â”€â”€â”€â”€â”€â”€â”€â”€â”€â”€â”€â”€â”€â”€â”€â”€â”€â”€â”€â”€â”€â”€â”€â”€â”€â”€â”€â”€â”€â”€â”€â”€â”€â”€â”€â”€â”€â”€â”€â”€â”€â”€â”€â”€â”€â”€â”€â”€â”€â”€â”€â”€â”€â”€â”€â”€â”€â”€â”€â”€â”€â”€â•¯                                  â”‚
â”‚                                                                                                                                                                                  â”‚
â”‚ /home/mwenesi/billo-project/mobile/.venv/lib/python3.10/site-packages/briefcase/integrations/subprocess.py:615 in _run_and_stream_output                                         â”‚
â”‚                                                                                                                                                                                  â”‚
â”‚   612 â”‚   â”‚   self._log_return_code(return_code)                                                                                                                                 â”‚
â”‚   613 â”‚   â”‚                                                                                                                                                                      â”‚
â”‚   614 â”‚   â”‚   if check and return_code:                                                                                                                                          â”‚
â”‚ â± 615 â”‚   â”‚   â”‚   raise subprocess.CalledProcessError(return_code, args, stderr=stderr)                                                                                          â”‚
â”‚   616 â”‚   â”‚                                                                                                                                                                      â”‚
â”‚   617 â”‚   â”‚   return subprocess.CompletedProcess(args, return_code, stderr=stderr)                                                                                               â”‚
â”‚   618                                                                                                                                                                            â”‚
â”‚                                                                                                                                                                                  â”‚
â”‚ â•­â”€â”€â”€â”€â”€â”€â”€â”€â”€â”€â”€â”€â”€â”€â”€â”€â”€â”€â”€â”€â”€â”€â”€â”€â”€â”€â”€â”€â”€â”€â”€â”€â”€â”€â”€â”€â”€â”€â”€â”€â”€â”€â”€â”€â”€â”€â”€â”€â”€â”€â”€â”€â”€â”€â”€â”€â”€â”€â”€â”€â”€â”€â”€â”€â”€ locals â”€â”€â”€â”€â”€â”€â”€â”€â”€â”€â”€â”€â”€â”€â”€â”€â”€â”€â”€â”€â”€â”€â”€â”€â”€â”€â”€â”€â”€â”€â”€â”€â”€â”€â”€â”€â”€â”€â”€â”€â”€â”€â”€â”€â”€â”€â”€â”€â”€â”€â”€â”€â”€â”€â”€â”€â”€â”€â”€â”€â”€â”€â”€â”€â”€â”€â•®                                    â”‚
â”‚ â”‚        args = [PosixPath('/home/mwenesi/billo-project/mobile/build/billo/android/gradle/gradlew'), '--console', 'plain', 'assembleDebug'] â”‚                                    â”‚
â”‚ â”‚       check = True                                                                                                                        â”‚                                    â”‚
â”‚ â”‚ filter_func = None                                                                                                                        â”‚                                    â”‚
â”‚ â”‚      kwargs = {                                                                                                                           â”‚                                    â”‚
â”‚ â”‚               â”‚   'env': {                                                                                                                â”‚                                    â”‚
â”‚ â”‚               â”‚   â”‚   'ANDROID_HOME': '/home/mwenesi/.cache/briefcase/tools/android_sdk',                                                 â”‚                                    â”‚
â”‚ â”‚               â”‚   â”‚   'ANDROID_SDK_ROOT': '/home/mwenesi/.cache/briefcase/tools/android_sdk',                                             â”‚                                    â”‚
â”‚ â”‚               â”‚   â”‚   'JAVA_HOME': '/home/mwenesi/.cache/briefcase/tools/java17'                                                          â”‚                                    â”‚
â”‚ â”‚               â”‚   },                                                                                                                      â”‚                                    â”‚
â”‚ â”‚               â”‚   'cwd': PosixPath('/home/mwenesi/billo-project/mobile/build/billo/android/gradle'),                                      â”‚                                    â”‚
â”‚ â”‚               â”‚   'encoding': 'UTF-8',                                                                                                    â”‚                                    â”‚
â”‚ â”‚               â”‚   'stdout': -1,                                                                                                           â”‚                                    â”‚
â”‚ â”‚               â”‚   'stderr': -2,                                                                                                           â”‚                                    â”‚
â”‚ â”‚               â”‚   'bufsize': 1                                                                                                            â”‚                                    â”‚
â”‚ â”‚               }                                                                                                                           â”‚                                    â”‚
â”‚ â”‚     process = <Popen: returncode: 1 args: ['/home/mwenesi/billo-project/mobile/build/billo...>                                            â”‚                                    â”‚
â”‚ â”‚ return_code = 1                                                                                                                           â”‚                                    â”‚
â”‚ â”‚        self = <briefcase.integrations.subprocess.Subprocess object at 0x73a792ecd090>                                                     â”‚                                    â”‚
â”‚ â”‚      stderr = None                                                                                                                        â”‚                                    â”‚
â”‚ â•°â”€â”€â”€â”€â”€â”€â”€â”€â”€â”€â”€â”€â”€â”€â”€â”€â”€â”€â”€â”€â”€â”€â”€â”€â”€â”€â”€â”€â”€â”€â”€â”€â”€â”€â”€â”€â”€â”€â”€â”€â”€â”€â”€â”€â”€â”€â”€â”€â”€â”€â”€â”€â”€â”€â”€â”€â”€â”€â”€â”€â”€â”€â”€â”€â”€â”€â”€â”€â”€â”€â”€â”€â”€â”€â”€â”€â”€â”€â”€â”€â”€â”€â”€â”€â”€â”€â”€â”€â”€â”€â”€â”€â”€â”€â”€â”€â”€â”€â”€â”€â”€â”€â”€â”€â”€â”€â”€â”€â”€â”€â”€â”€â”€â”€â”€â”€â”€â”€â”€â”€â”€â”€â”€â”€â”€â”€â”€â”€â”€â”€â”€â”€â”€â”€â”€â”€â”€â”€â”€â•¯                                    â”‚
â•°â”€â”€â”€â”€â”€â”€â”€â”€â”€â”€â”€â”€â”€â”€â”€â”€â”€â”€â”€â”€â”€â”€â”€â”€â”€â”€â”€â”€â”€â”€â”€â”€â”€â”€â”€â”€â”€â”€â”€â”€â”€â”€â”€â”€â”€â”€â”€â”€â”€â”€â”€â”€â”€â”€â”€â”€â”€â”€â”€â”€â”€â”€â”€â”€â”€â”€â”€â”€â”€â”€â”€â”€â”€â”€â”€â”€â”€â”€â”€â”€â”€â”€â”€â”€â”€â”€â”€â”€â”€â”€â”€â”€â”€â”€â”€â”€â”€â”€â”€â”€â”€â”€â”€â”€â”€â”€â”€â”€â”€â”€â”€â”€â”€â”€â”€â”€â”€â”€â”€â”€â”€â”€â”€â”€â”€â”€â”€â”€â”€â”€â”€â”€â”€â”€â”€â”€â”€â”€â”€â”€â”€â”€â”€â”€â”€â”€â”€â”€â”€â”€â”€â”€â”€â”€â”€â”€â”€â”€â”€â”€â”€â”€â”€â”€â”€â”€â”€â”€â”€â”€â”€â”€â”€â”€â”€â”€â”€â”€â•¯
CalledProcessError: Command '[PosixPath('/home/mwenesi/billo-project/mobile/build/billo/android/gradle/gradlew'), '--console', 'plain', 'assembleDebug']' returned non-zero exit status 1.

The above exception was the direct cause of the following exception:

â•­â”€â”€â”€â”€â”€â”€â”€â”€â”€â”€â”€â”€â”€â”€â”€â”€â”€â”€â”€â”€â”€â”€â”€â”€â”€â”€â”€â”€â”€â”€â”€â”€â”€â”€â”€â”€â”€â”€â”€â”€â”€â”€â”€â”€â”€â”€â”€â”€â”€â”€â”€â”€â”€â”€â”€â”€â”€â”€â”€â”€â”€â”€â”€â”€â”€â”€â”€â”€â”€â”€â”€ Traceback (most recent call last) â”€â”€â”€â”€â”€â”€â”€â”€â”€â”€â”€â”€â”€â”€â”€â”€â”€â”€â”€â”€â”€â”€â”€â”€â”€â”€â”€â”€â”€â”€â”€â”€â”€â”€â”€â”€â”€â”€â”€â”€â”€â”€â”€â”€â”€â”€â”€â”€â”€â”€â”€â”€â”€â”€â”€â”€â”€â”€â”€â”€â”€â”€â”€â”€â”€â”€â”€â”€â”€â”€â”€â”€â•®
â”‚ /home/mwenesi/billo-project/mobile/.venv/lib/python3.10/site-packages/briefcase/__main__.py:27 in main                                                                           â”‚
â”‚                                                                                                                                                                                  â”‚
â”‚   24 â”‚   â”‚   â”‚   Path.cwd() / "pyproject.toml",                                                                                                                                  â”‚
â”‚   25 â”‚   â”‚   â”‚   overrides=overrides,                                                                                                                                            â”‚
â”‚   26 â”‚   â”‚   )                                                                                                                                                                   â”‚
â”‚ â± 27 â”‚   â”‚   command(**options)                                                                                                                                                  â”‚
â”‚   28 â”‚   except HelpText as e:                                                                                                                                                   â”‚
â”‚   29 â”‚   â”‚   console.info()                                                                                                                                                      â”‚
â”‚   30 â”‚   â”‚   console.info(str(e))                                                                                                                                                â”‚
â”‚                                                                                                                                                                                  â”‚
â”‚ â•­â”€â”€â”€â”€â”€â”€â”€â”€â”€â”€â”€â”€â”€â”€â”€â”€â”€â”€â”€â”€â”€â”€â”€â”€â”€â”€â”€â”€â”€â”€â”€â”€â”€â”€â”€â”€â”€â”€â”€â”€â”€â”€â”€â”€â”€ locals â”€â”€â”€â”€â”€â”€â”€â”€â”€â”€â”€â”€â”€â”€â”€â”€â”€â”€â”€â”€â”€â”€â”€â”€â”€â”€â”€â”€â”€â”€â”€â”€â”€â”€â”€â”€â”€â”€â”€â”€â”€â”€â”€â”€â”€â•®                                                                             â”‚
â”‚ â”‚       command = <briefcase.platforms.android.gradle.GradleBuildCommand object at 0x73a794a1d2a0> â”‚                                                                             â”‚
â”‚ â”‚       console = <briefcase.console.Console object at 0x73a794a1d540>                             â”‚                                                                             â”‚
â”‚ â”‚             e = BriefcaseCommandError('Error while building project.')                           â”‚                                                                             â”‚
â”‚ â”‚ extra_cmdline = []                                                                               â”‚                                                                             â”‚
â”‚ â”‚       options = {                                                                                â”‚                                                                             â”‚
â”‚ â”‚                 â”‚   'update': False,                                                             â”‚                                                                             â”‚
â”‚ â”‚                 â”‚   'update_requirements': False,                                                â”‚                                                                             â”‚
â”‚ â”‚                 â”‚   'update_support': False,                                                     â”‚                                                                             â”‚
â”‚ â”‚                 â”‚   'update_stub': False,                                                        â”‚                                                                             â”‚
â”‚ â”‚                 â”‚   'update_resources': False,                                                   â”‚                                                                             â”‚
â”‚ â”‚                 â”‚   'no_update': False,                                                          â”‚                                                                             â”‚
â”‚ â”‚                 â”‚   'test_mode': False                                                           â”‚                                                                             â”‚
â”‚ â”‚                 }                                                                                â”‚                                                                             â”‚
â”‚ â”‚     overrides = {}                                                                               â”‚                                                                             â”‚
â”‚ â”‚        result = 200                                                                              â”‚                                                                             â”‚
â”‚ â•°â”€â”€â”€â”€â”€â”€â”€â”€â”€â”€â”€â”€â”€â”€â”€â”€â”€â”€â”€â”€â”€â”€â”€â”€â”€â”€â”€â”€â”€â”€â”€â”€â”€â”€â”€â”€â”€â”€â”€â”€â”€â”€â”€â”€â”€â”€â”€â”€â”€â”€â”€â”€â”€â”€â”€â”€â”€â”€â”€â”€â”€â”€â”€â”€â”€â”€â”€â”€â”€â”€â”€â”€â”€â”€â”€â”€â”€â”€â”€â”€â”€â”€â”€â”€â”€â”€â”€â”€â”€â”€â”€â”€â”€â”€â”€â”€â”€â”€â•¯                                                                             â”‚
â”‚                                                                                                                                                                                  â”‚
â”‚ /home/mwenesi/billo-project/mobile/.venv/lib/python3.10/site-packages/briefcase/commands/build.py:154 in __call__                                                                â”‚
â”‚                                                                                                                                                                                  â”‚
â”‚   151 â”‚   â”‚                                                                                                                                                                      â”‚
â”‚   152 â”‚   â”‚   state = None                                                                                                                                                       â”‚
â”‚   153 â”‚   â”‚   for _, app_obj in sorted(apps_to_build.items()):                                                                                                                   â”‚
â”‚ â± 154 â”‚   â”‚   â”‚   state = self._build_app(                                                                                                                                       â”‚
â”‚   155 â”‚   â”‚   â”‚   â”‚   app_obj,                                                                                                                                                   â”‚
â”‚   156 â”‚   â”‚   â”‚   â”‚   update=update,                                                                                                                                             â”‚
â”‚   157 â”‚   â”‚   â”‚   â”‚   update_requirements=update_requirements,                                                                                                                   â”‚
â”‚                                                                                                                                                                                  â”‚
â”‚ â•­â”€â”€â”€â”€â”€â”€â”€â”€â”€â”€â”€â”€â”€â”€â”€â”€â”€â”€â”€â”€â”€â”€â”€â”€â”€â”€â”€â”€â”€â”€â”€â”€â”€â”€â”€â”€â”€â”€â”€â”€â”€â”€â”€â”€â”€â”€â”€â”€ locals â”€â”€â”€â”€â”€â”€â”€â”€â”€â”€â”€â”€â”€â”€â”€â”€â”€â”€â”€â”€â”€â”€â”€â”€â”€â”€â”€â”€â”€â”€â”€â”€â”€â”€â”€â”€â”€â”€â”€â”€â”€â”€â”€â”€â”€â”€â”€â”€â•®                                                                       â”‚
â”‚ â”‚                   _ = 'billo'                                                                          â”‚                                                                       â”‚
â”‚ â”‚                 app = None                                                                             â”‚                                                                       â”‚
â”‚ â”‚            app_name = None                                                                             â”‚                                                                       â”‚
â”‚ â”‚             app_obj = <com.billo.billo v0.1.0 AppConfig>                                               â”‚                                                                       â”‚
â”‚ â”‚       apps_to_build = {'billo': <com.billo.billo v0.1.0 AppConfig>}                                    â”‚                                                                       â”‚
â”‚ â”‚           no_update = False                                                                            â”‚                                                                       â”‚
â”‚ â”‚             options = {}                                                                               â”‚                                                                       â”‚
â”‚ â”‚                self = <briefcase.platforms.android.gradle.GradleBuildCommand object at 0x73a794a1d2a0> â”‚                                                                       â”‚
â”‚ â”‚               state = None                                                                             â”‚                                                                       â”‚
â”‚ â”‚           test_mode = False                                                                            â”‚                                                                       â”‚
â”‚ â”‚              update = False                                                                            â”‚                                                                       â”‚
â”‚ â”‚ update_requirements = False                                                                            â”‚                                                                       â”‚
â”‚ â”‚    update_resources = False                                                                            â”‚                                                                       â”‚
â”‚ â”‚         update_stub = False                                                                            â”‚                                                                       â”‚
â”‚ â”‚      update_support = False                                                                            â”‚                                                                       â”‚
â”‚ â•°â”€â”€â”€â”€â”€â”€â”€â”€â”€â”€â”€â”€â”€â”€â”€â”€â”€â”€â”€â”€â”€â”€â”€â”€â”€â”€â”€â”€â”€â”€â”€â”€â”€â”€â”€â”€â”€â”€â”€â”€â”€â”€â”€â”€â”€â”€â”€â”€â”€â”€â”€â”€â”€â”€â”€â”€â”€â”€â”€â”€â”€â”€â”€â”€â”€â”€â”€â”€â”€â”€â”€â”€â”€â”€â”€â”€â”€â”€â”€â”€â”€â”€â”€â”€â”€â”€â”€â”€â”€â”€â”€â”€â”€â”€â”€â”€â”€â”€â”€â”€â”€â”€â”€â”€â•¯                                                                       â”‚
â”‚                                                                                                                                                                                  â”‚
â”‚ /home/mwenesi/billo-project/mobile/.venv/lib/python3.10/site-packages/briefcase/commands/build.py:90 in _build_app                                                               â”‚
â”‚                                                                                                                                                                                  â”‚
â”‚    87 â”‚   â”‚                                                                                                                                                                      â”‚
â”‚    88 â”‚   â”‚   self.verify_app(app)                                                                                                                                               â”‚
â”‚    89 â”‚   â”‚                                                                                                                                                                      â”‚
â”‚ â±  90 â”‚   â”‚   state = self.build_app(app, **full_options(state, options))                                                                                                        â”‚
â”‚    91 â”‚   â”‚                                                                                                                                                                      â”‚
â”‚    92 â”‚   â”‚   qualifier = " (test mode)" if app.test_mode else ""                                                                                                                â”‚
â”‚    93 â”‚   â”‚   self.console.info(                                                                                                                                                 â”‚
â”‚                                                                                                                                                                                  â”‚
â”‚ â•­â”€â”€â”€â”€â”€â”€â”€â”€â”€â”€â”€â”€â”€â”€â”€â”€â”€â”€â”€â”€â”€â”€â”€â”€â”€â”€â”€â”€â”€â”€â”€â”€â”€â”€â”€â”€â”€â”€â”€â”€â”€â”€â”€â”€â”€â”€â”€â”€ locals â”€â”€â”€â”€â”€â”€â”€â”€â”€â”€â”€â”€â”€â”€â”€â”€â”€â”€â”€â”€â”€â”€â”€â”€â”€â”€â”€â”€â”€â”€â”€â”€â”€â”€â”€â”€â”€â”€â”€â”€â”€â”€â”€â”€â”€â”€â”€â”€â•®                                                                       â”‚
â”‚ â”‚                 app = <com.billo.billo v0.1.0 AppConfig>                                               â”‚                                                                       â”‚
â”‚ â”‚           no_update = False                                                                            â”‚                                                                       â”‚
â”‚ â”‚             options = {}                                                                               â”‚                                                                       â”‚
â”‚ â”‚                self = <briefcase.platforms.android.gradle.GradleBuildCommand object at 0x73a794a1d2a0> â”‚                                                                       â”‚
â”‚ â”‚               state = None                                                                             â”‚                                                                       â”‚
â”‚ â”‚              update = False                                                                            â”‚                                                                       â”‚
â”‚ â”‚ update_requirements = False                                                                            â”‚                                                                       â”‚
â”‚ â”‚    update_resources = False                                                                            â”‚                                                                       â”‚
â”‚ â”‚         update_stub = False                                                                            â”‚                                                                       â”‚
â”‚ â”‚      update_support = False                                                                            â”‚                                                                       â”‚
â”‚ â•°â”€â”€â”€â”€â”€â”€â”€â”€â”€â”€â”€â”€â”€â”€â”€â”€â”€â”€â”€â”€â”€â”€â”€â”€â”€â”€â”€â”€â”€â”€â”€â”€â”€â”€â”€â”€â”€â”€â”€â”€â”€â”€â”€â”€â”€â”€â”€â”€â”€â”€â”€â”€â”€â”€â”€â”€â”€â”€â”€â”€â”€â”€â”€â”€â”€â”€â”€â”€â”€â”€â”€â”€â”€â”€â”€â”€â”€â”€â”€â”€â”€â”€â”€â”€â”€â”€â”€â”€â”€â”€â”€â”€â”€â”€â”€â”€â”€â”€â”€â”€â”€â”€â”€â”€â•¯                                                                       â”‚
â”‚                                                                                                                                                                                  â”‚
â”‚ /home/mwenesi/billo-project/mobile/.venv/lib/python3.10/site-packages/briefcase/platforms/android/gradle.py:327 in build_app                                                     â”‚
â”‚                                                                                                                                                                                  â”‚
â”‚   324 â”‚   â”‚   â”‚   try:                                                                                                                                                           â”‚
â”‚   325 â”‚   â”‚   â”‚   â”‚   self.run_gradle(app, ["assembleDebug"])                                                                                                                    â”‚
â”‚   326 â”‚   â”‚   â”‚   except subprocess.CalledProcessError as e:                                                                                                                     â”‚
â”‚ â± 327 â”‚   â”‚   â”‚   â”‚   raise BriefcaseCommandError("Error while building project.") from e                                                                                        â”‚
â”‚   328                                                                                                                                                                            â”‚
â”‚   329                                                                                                                                                                            â”‚
â”‚   330 class GradleRunCommand(GradleMixin, RunCommand):                                                                                                                           â”‚
â”‚                                                                                                                                                                                  â”‚
â”‚ â•­â”€â”€â”€â”€â”€â”€â”€â”€â”€â”€â”€â”€â”€â”€â”€â”€â”€â”€â”€â”€â”€â”€â”€â”€â”€â”€â”€â”€â”€â”€â”€â”€â”€â”€â”€â”€â”€â”€â”€â”€â”€ locals â”€â”€â”€â”€â”€â”€â”€â”€â”€â”€â”€â”€â”€â”€â”€â”€â”€â”€â”€â”€â”€â”€â”€â”€â”€â”€â”€â”€â”€â”€â”€â”€â”€â”€â”€â”€â”€â”€â”€â”€â”€â”€â•®                                                                                    â”‚
â”‚ â”‚    app = <com.billo.billo v0.1.0 AppConfig>                                               â”‚                                                                                    â”‚
â”‚ â”‚ kwargs = {}                                                                               â”‚                                                                                    â”‚
â”‚ â”‚   self = <briefcase.platforms.android.gradle.GradleBuildCommand object at 0x73a794a1d2a0> â”‚                                                                                    â”‚
â”‚ â•°â”€â”€â”€â”€â”€â”€â”€â”€â”€â”€â”€â”€â”€â”€â”€â”€â”€â”€â”€â”€â”€â”€â”€â”€â”€â”€â”€â”€â”€â”€â”€â”€â”€â”€â”€â”€â”€â”€â”€â”€â”€â”€â”€â”€â”€â”€â”€â”€â”€â”€â”€â”€â”€â”€â”€â”€â”€â”€â”€â”€â”€â”€â”€â”€â”€â”€â”€â”€â”€â”€â”€â”€â”€â”€â”€â”€â”€â”€â”€â”€â”€â”€â”€â”€â”€â”€â”€â”€â”€â”€â”€â•¯                                                                                    â”‚
â•°â”€â”€â”€â”€â”€â”€â”€â”€â”€â”€â”€â”€â”€â”€â”€â”€â”€â”€â”€â”€â”€â”€â”€â”€â”€â”€â”€â”€â”€â”€â”€â”€â”€â”€â”€â”€â”€â”€â”€â”€â”€â”€â”€â”€â”€â”€â”€â”€â”€â”€â”€â”€â”€â”€â”€â”€â”€â”€â”€â”€â”€â”€â”€â”€â”€â”€â”€â”€â”€â”€â”€â”€â”€â”€â”€â”€â”€â”€â”€â”€â”€â”€â”€â”€â”€â”€â”€â”€â”€â”€â”€â”€â”€â”€â”€â”€â”€â”€â”€â”€â”€â”€â”€â”€â”€â”€â”€â”€â”€â”€â”€â”€â”€â”€â”€â”€â”€â”€â”€â”€â”€â”€â”€â”€â”€â”€â”€â”€â”€â”€â”€â”€â”€â”€â”€â”€â”€â”€â”€â”€â”€â”€â”€â”€â”€â”€â”€â”€â”€â”€â”€â”€â”€â”€â”€â”€â”€â”€â”€â”€â”€â”€â”€â”€â”€â”€â”€â”€â”€â”€â”€â”€â”€â”€â”€â”€â”€â”€â•¯
BriefcaseCommandError: Error while building project.
           Collecting extra information for log... started                                                                                                            console.py:473
                                                                                                                                                                      console.py:477
           Extra information:                                                                                                                                         console.py:478
                                                                                                                                                                   subprocess.py:838
           >>> Running Command:                                                                                                                                    subprocess.py:838
           >>>     /home/mwenesi/.cache/briefcase/tools/android_sdk/cmdline-tools/19.0/bin/sdkmanager --list_installed                                             subprocess.py:838
           >>> Working Directory:                                                                                                                                  subprocess.py:838
           >>>     /home/mwenesi/billo-project/mobile                                                                                                              subprocess.py:838
           >>> Environment Overrides:                                                                                                                              subprocess.py:838
           >>>     ANDROID_HOME=/home/mwenesi/.cache/briefcase/tools/android_sdk                                                                                   subprocess.py:838
           >>>     ANDROID_SDK_ROOT=/home/mwenesi/.cache/briefcase/tools/android_sdk                                                                               subprocess.py:838
           >>>     JAVA_HOME=/home/mwenesi/.cache/briefcase/tools/java17                                                                                           subprocess.py:838
[13:19:05] >>> Command Output:                                                                                                                                     subprocess.py:838
           >>>     Loading package information...                                                                                                                  subprocess.py:838
           >>>     Loading local repository...                                                                                                                     subprocess.py:838
           >>>     [=========                              ] 25% Loading local repository...                                                                       subprocess.py:838
           >>>     [=========                              ] 25% Fetch remote repository...                                                                        subprocess.py:838
           >>>     [=======================================] 100% Fetch remote repository...                                                                       subprocess.py:838
           >>>     Installed packages:                                                                                                                             subprocess.py:838
           >>>       Path                                    | Version | Description                    | Location                                                 subprocess.py:838
           >>>       -------                                 | ------- | -------                        | -------                                                  subprocess.py:838
           >>>       build-tools;35.0.0                      | 35.0.0  | Android SDK Build-Tools 35     | build-tools/35.0.0                                       subprocess.py:838
           >>>       emulator                                | 36.1.9  | Android Emulator               | emulator                                                 subprocess.py:838
           >>>       platform-tools                          | 36.0.0  | Android SDK Platform-Tools     | platform-tools                                           subprocess.py:838
           >>>       platforms;android-35                    | 2       | Android SDK Platform 35        | platforms/android-35                                     subprocess.py:838
           >>>       system-images;android-31;default;x86_64 | 5       | Intel x86_64 Atom System Image | system-images/android-31/default/x86_64                  subprocess.py:838
           >>>                                                                                                                                                     subprocess.py:838
           >>> Return code: 0                                                                                                                                      subprocess.py:838
                                                                                                                                                                   subprocess.py:838
           Collecting extra information for log... done                                                                                                               console.py:473
